<?xml version="1.0" encoding="UTF-8"?>
<!-- Generated by org.testng.reporters.JUnitXMLReporter -->
<testsuite ignored="0" hostname="DESKTOP-SRPKICT" failures="0" tests="4" name="Test" time="48.291" errors="0" timestamp="2020-06-05T07:51:31 IST">
  <testcase classname="TestNgpart2.LoginPageTest" name="login" time="6.454"/>
  <testcase classname="TestNgpart2.LoginPageTest" name="admin" time="10.898"/>
  <testcase classname="TestNgpart2.LoginPageTest" name="dashbord" time="22.463"/>
  <testcase classname="TestNgpart2.LoginPageTest" name="Logout" time="8.361"/>
</testsuite> <!-- Test -->
