<?xml version="1.0" encoding="UTF-8"?>
<testng-results ignored="0" total="2" passed="2" failed="0" skipped="0">
  <reporter-output>
  </reporter-output>
  <suite started-at="2020-06-05T09:02:08 IST" name="Default suite" finished-at="2020-06-05T09:02:08 IST" duration-ms="91">
    <groups>
    </groups>
    <test started-at="2020-06-05T09:02:08 IST" name="Default test" finished-at="2020-06-05T09:02:08 IST" duration-ms="91">
      <class name="TestNgpart2.Multithreaddemo">
        <test-method signature="TestCase1()[pri:0, instance:TestNgpart2.Multithreaddemo@3b07a0d6]" started-at="2020-06-05T09:02:08 IST" name="TestCase1" finished-at="2020-06-05T09:02:08 IST" duration-ms="17" status="PASS">
          <reporter-output>
          </reporter-output>
        </test-method> <!-- TestCase1 -->
        <test-method signature="TestCase2()[pri:0, instance:TestNgpart2.Multithreaddemo@3b07a0d6]" started-at="2020-06-05T09:02:08 IST" name="TestCase2" finished-at="2020-06-05T09:02:08 IST" duration-ms="4" status="PASS">
          <reporter-output>
          </reporter-output>
        </test-method> <!-- TestCase2 -->
      </class> <!-- TestNgpart2.Multithreaddemo -->
    </test> <!-- Default test -->
  </suite> <!-- Default suite -->
</testng-results>
